<?xml version="1.0" encoding="UTF-8"?>
<!-- Generated by org.testng.reporters.JUnitReportReporter -->
<testsuite hostname="QB-TP3-2221" failures="0" tests="2" name="Pipelinescript.Example" time="7.296" errors="0" timestamp="2023-03-27T19:10:16 IST" skipped="0">
  <testcase classname="Pipelinescript.Example" name="getstring" time="2.259"/>
  <system-out/>
  <testcase classname="Pipelinescript.Example" name="getUrl" time="5.037"/>
  <system-out/>
</testsuite> <!-- Pipelinescript.Example -->
